-------------------------------------------------------------------------------
Test set: Programmer.testing.MenggunakanAssumptions.CalculatorTest
-------------------------------------------------------------------------------
Tests run: 6, Failures: 1, Errors: 0, Skipped: 3, Time elapsed: 0.044 s <<< FAILURE! - in Programmer.testing.MenggunakanAssumptions.CalculatorTest
testDivideFailed  Time elapsed: 0.01 s  <<< FAILURE!
org.opentest4j.AssertionFailedError: Unexpected exception type thrown, expected: <java.lang.IllegalArgumentException> but was: <java.lang.ArithmeticException>
	at Programmer.testing.MenggunakanAssumptions.CalculatorTest.testDivideFailed(CalculatorTest.java:54)
Caused by: java.lang.ArithmeticException: Pembagian dengan nol tidak diperbolehkan
	at Programmer.testing.MenggunakanAssumptions.CalculatorTest.lambda$testDivideFailed$0(CalculatorTest.java:55)
	at Programmer.testing.MenggunakanAssumptions.CalculatorTest.testDivideFailed(CalculatorTest.java:54)

