<?xml version="1.0" encoding="UTF-8"?>
<testsuite xmlns:xsi="http://www.w3.org/2001/XMLSchema-instance" xsi:noNamespaceSchemaLocation="https://maven.apache.org/surefire/maven-surefire-plugin/xsd/surefire-test-report.xsd" name="Programmer.testing.ProblemSolving.satu.CalkulatorTest" time="0.003" tests="6" errors="0" skipped="0" failures="0">
  <properties>
[...]
</properties>
  <testcase name="testAdd" classname="Programmer.testing.ProblemSolving.satu.CalkulatorTest" time="0"/>
  <testcase name="testHasil" classname="Programmer.testing.ProblemSolving.satu.CalkulatorTest" time="0.002"/>
  <testcase name="TestEror" classname="Programmer.testing.ProblemSolving.satu.CalkulatorTest" time="0"/>
  <testcase name="testhasilnull" classname="Programmer.testing.ProblemSolving.satu.CalkulatorTest" time="0.001"/>
  <testcase name="PenggunaanassertThrows" classname="Programmer.testing.ProblemSolving.satu.CalkulatorTest" time="0"/>
  <testcase name="testPembagian" classname="Programmer.testing.ProblemSolving.satu.CalkulatorTest" time="0"/>
</testsuite>